{"/Users/daisuke/work/react/hondana-api/src/app.controller.ts": {"path":"/Users/daisuke/work/react/hondana-api/src/app.controller.ts","statementMap":{"0":{"start":{"line":1,"column":0},"end":{"line":1,"column":49}},"1":{"start":{"line":2,"column":0},"end":{"line":2,"column":43}},"2":{"start":{"line":5,"column":0},"end":{"line":12,"column":null}},"3":{"start":{"line":6,"column":31},"end":{"line":6,"column":43}},"4":{"start":{"line":10,"column":4},"end":{"line":10,"column":38}},"5":{"start":{"line":9,"column":2},"end":{"line":11,"column":null}},"6":{"start":{"line":5,"column":13},"end":{"line":12,"column":null}},"7":{"start":{"line":5,"column":13},"end":{"line":5,"column":26}}},"fnMap":{"0":{"name":"(anonymous_2)","decl":{"start":{"line":6,"column":2},"end":{"line":6,"column":31}},"loc":{"start":{"line":6,"column":53},"end":{"line":6,"column":57}}},"1":{"name":"(anonymous_3)","decl":{"start":{"line":9,"column":2},"end":{"line":9,"column":10}},"loc":{"start":{"line":9,"column":10},"end":{"line":11,"column":3}}}},"branchMap":{},"s":{"0":1,"1":1,"2":1,"3":1,"4":1,"5":1,"6":1,"7":1},"f":{"0":1,"1":1},"b":{}}
,"/Users/daisuke/work/react/hondana-api/src/app.service.ts": {"path":"/Users/daisuke/work/react/hondana-api/src/app.service.ts","statementMap":{"0":{"start":{"line":1,"column":0},"end":{"line":1,"column":44}},"1":{"start":{"line":4,"column":0},"end":{"line":8,"column":null}},"2":{"start":{"line":6,"column":4},"end":{"line":6,"column":26}},"3":{"start":{"line":4,"column":13},"end":{"line":8,"column":null}},"4":{"start":{"line":4,"column":13},"end":{"line":4,"column":23}}},"fnMap":{"0":{"name":"(anonymous_1)","decl":{"start":{"line":5,"column":2},"end":{"line":5,"column":10}},"loc":{"start":{"line":5,"column":10},"end":{"line":7,"column":3}}}},"branchMap":{},"s":{"0":1,"1":1,"2":1,"3":1,"4":1},"f":{"0":1},"b":{}}
,"/Users/daisuke/work/react/hondana-api/src/mapper.ts": {"path":"/Users/daisuke/work/react/hondana-api/src/mapper.ts","statementMap":{"0":{"start":{"line":1,"column":0},"end":{"line":1,"column":55}},"1":{"start":{"line":2,"column":0},"end":{"line":2,"column":35}},"2":{"start":{"line":5,"column":2},"end":{"line":8,"column":5}},"3":{"start":{"line":4,"column":0},"end":{"line":4,"column":16}}},"fnMap":{"0":{"name":"createDynamoDBDataMapper","decl":{"start":{"line":4,"column":16},"end":{"line":4,"column":40}},"loc":{"start":{"line":4,"column":60},"end":{"line":9,"column":1}}}},"branchMap":{"0":{"loc":{"start":{"line":6,"column":23},"end":{"line":6,"column":31}},"type":"cond-expr","locations":[{"start":{"line":6,"column":23},"end":{"line":6,"column":31}},{"start":{"line":6,"column":34},"end":{"line":6,"column":48}}]}},"s":{"0":2,"1":2,"2":3,"3":2},"f":{"0":3},"b":{"0":[3,0]}}
,"/Users/daisuke/work/react/hondana-api/src/books/books.controller.ts": {"path":"/Users/daisuke/work/react/hondana-api/src/books/books.controller.ts","statementMap":{"0":{"start":{"line":1,"column":0},"end":{"line":1,"column":75}},"1":{"start":{"line":2,"column":0},"end":{"line":2,"column":47}},"2":{"start":{"line":3,"column":0},"end":{"line":3,"column":32}},"3":{"start":{"line":4,"column":0},"end":{"line":4,"column":null}},"4":{"start":{"line":11,"column":0},"end":{"line":11,"column":60}},"5":{"start":{"line":12,"column":0},"end":{"line":12,"column":58}},"6":{"start":{"line":13,"column":0},"end":{"line":13,"column":66}},"7":{"start":{"line":14,"column":0},"end":{"line":14,"column":56}},"8":{"start":{"line":22,"column":0},"end":{"line":50,"column":null}},"9":{"start":{"line":23,"column":31},"end":{"line":23,"column":45}},"10":{"start":{"line":31,"column":4},"end":{"line":31,"column":74}},"11":{"start":{"line":38,"column":4},"end":{"line":38,"column":47}},"12":{"start":{"line":48,"column":4},"end":{"line":48,"column":55}},"13":{"start":{"line":28,"column":2},"end":{"line":32,"column":null}},"14":{"start":{"line":37,"column":2},"end":{"line":39,"column":null}},"15":{"start":{"line":47,"column":2},"end":{"line":49,"column":null}},"16":{"start":{"line":22,"column":13},"end":{"line":50,"column":null}},"17":{"start":{"line":22,"column":13},"end":{"line":22,"column":28}}},"fnMap":{"0":{"name":"(anonymous_4)","decl":{"start":{"line":23,"column":2},"end":{"line":23,"column":31}},"loc":{"start":{"line":23,"column":57},"end":{"line":23,"column":61}}},"1":{"name":"(anonymous_5)","decl":{"start":{"line":28,"column":2},"end":{"line":28,"column":9}},"loc":{"start":{"line":29,"column":38},"end":{"line":32,"column":3}}},"2":{"name":"(anonymous_6)","decl":{"start":{"line":37,"column":2},"end":{"line":37,"column":7}},"loc":{"start":{"line":37,"column":39},"end":{"line":39,"column":3}}},"3":{"name":"(anonymous_7)","decl":{"start":{"line":47,"column":2},"end":{"line":47,"column":8}},"loc":{"start":{"line":47,"column":45},"end":{"line":49,"column":3}}}},"branchMap":{},"s":{"0":1,"1":1,"2":1,"3":1,"4":1,"5":1,"6":1,"7":1,"8":1,"9":1,"10":0,"11":0,"12":0,"13":1,"14":1,"15":1,"16":1,"17":1},"f":{"0":1,"1":0,"2":0,"3":0},"b":{}}
,"/Users/daisuke/work/react/hondana-api/src/books/books.service.ts": {"path":"/Users/daisuke/work/react/hondana-api/src/books/books.service.ts","statementMap":{"0":{"start":{"line":1,"column":0},"end":{"line":1,"column":60}},"1":{"start":{"line":2,"column":0},"end":{"line":2,"column":35}},"2":{"start":{"line":3,"column":0},"end":{"line":3,"column":32}},"3":{"start":{"line":4,"column":0},"end":{"line":4,"column":53}},"4":{"start":{"line":8,"column":0},"end":{"line":8,"column":58}},"5":{"start":{"line":11,"column":0},"end":{"line":69,"column":null}},"6":{"start":{"line":13,"column":58},"end":{"line":13,"column":68}},"7":{"start":{"line":28,"column":10},"end":{"line":39,"column":4}},"8":{"start":{"line":29,"column":22},"end":{"line":34,"column":14}},"9":{"start":{"line":36,"column":4},"end":{"line":38,"column":null}},"10":{"start":{"line":36,"column":34},"end":{"line":36,"column":null}},"11":{"start":{"line":36,"column":30},"end":{"line":36,"column":34}},"12":{"start":{"line":37,"column":6},"end":{"line":37,"column":23}},"13":{"start":{"line":14,"column":4},"end":{"line":14,"column":58}},"14":{"start":{"line":21,"column":18},"end":{"line":21,"column":56}},"15":{"start":{"line":22,"column":4},"end":{"line":25,"column":6}},"16":{"start":{"line":44,"column":4},"end":{"line":53,"column":null}},"17":{"start":{"line":45,"column":6},"end":{"line":49,"column":8}},"18":{"start":{"line":51,"column":6},"end":{"line":51,"column":24}},"19":{"start":{"line":52,"column":6},"end":{"line":52,"column":18}},"20":{"start":{"line":55,"column":4},"end":{"line":61,"column":11}},"21":{"start":{"line":65,"column":17},"end":{"line":65,"column":27}},"22":{"start":{"line":66,"column":4},"end":{"line":66,"column":37}},"23":{"start":{"line":67,"column":4},"end":{"line":67,"column":39}},"24":{"start":{"line":11,"column":13},"end":{"line":69,"column":null}},"25":{"start":{"line":11,"column":13},"end":{"line":11,"column":25}}},"fnMap":{"0":{"name":"(anonymous_11)","decl":{"start":{"line":13,"column":2},"end":{"line":13,"column":15}},"loc":{"start":{"line":13,"column":76},"end":{"line":15,"column":3}}},"1":{"name":"(anonymous_12)","decl":{"start":{"line":28,"column":27},"end":{"line":28,"column":32}},"loc":{"start":{"line":28,"column":67},"end":{"line":39,"column":3}}},"2":{"name":"(anonymous_13)","decl":{"start":{"line":17,"column":9},"end":{"line":17,"column":14}},"loc":{"start":{"line":19,"column":18},"end":{"line":26,"column":3}}},"3":{"name":"(anonymous_14)","decl":{"start":{"line":41,"column":9},"end":{"line":41,"column":14}},"loc":{"start":{"line":41,"column":33},"end":{"line":62,"column":3}}},"4":{"name":"(anonymous_15)","decl":{"start":{"line":64,"column":2},"end":{"line":64,"column":7}},"loc":{"start":{"line":64,"column":47},"end":{"line":68,"column":3}}}},"branchMap":{"0":{"loc":{"start":{"line":31,"column":23},"end":{"line":31,"column":28}},"type":"cond-expr","locations":[{"start":{"line":31,"column":23},"end":{"line":31,"column":28}},{"start":{"line":31,"column":31},"end":{"line":31,"column":33}}]},"1":{"loc":{"start":{"line":32,"column":25},"end":{"line":32,"column":37}},"type":"cond-expr","locations":[{"start":{"line":32,"column":25},"end":{"line":32,"column":37}},{"start":{"line":32,"column":40},"end":{"line":32,"column":44}}]},"2":{"loc":{"start":{"line":23,"column":28},"end":{"line":23,"column":33}},"type":"cond-expr","locations":[{"start":{"line":23,"column":28},"end":{"line":23,"column":33}},{"start":{"line":23,"column":36},"end":{"line":23,"column":38}}]},"3":{"loc":{"start":{"line":24,"column":27},"end":{"line":24,"column":53}},"type":"cond-expr","locations":[{"start":{"line":24,"column":27},"end":{"line":24,"column":53}},{"start":{"line":24,"column":56},"end":{"line":24,"column":60}}]},"4":{"loc":{"start":{"line":56,"column":8},"end":{"line":56,"column":12}},"type":"cond-expr","locations":[{"start":{"line":56,"column":8},"end":{"line":56,"column":12}},{"start":{"line":57,"column":8},"end":{"line":61,"column":10}}]}},"s":{"0":2,"1":2,"2":2,"3":2,"4":2,"5":2,"6":2,"7":2,"8":9,"9":9,"10":9,"11":9,"12":9,"13":2,"14":9,"15":9,"16":0,"17":0,"18":0,"19":0,"20":0,"21":0,"22":0,"23":0,"24":2,"25":2},"f":{"0":2,"1":9,"2":9,"3":0,"4":0},"b":{"0":[3,6],"1":[5,4],"2":[7,2],"3":[7,2],"4":[0,0]}}
,"/Users/daisuke/work/react/hondana-api/src/books/model/book.ts": {"path":"/Users/daisuke/work/react/hondana-api/src/books/model/book.ts","statementMap":{"0":{"start":{"line":1,"column":0},"end":{"line":1,"column":null}},"1":{"start":{"line":7,"column":0},"end":{"line":7,"column":51}},"2":{"start":{"line":10,"column":0},"end":{"line":59,"column":null}},"3":{"start":{"line":17,"column":2},"end":{"line":17,"column":null}},"4":{"start":{"line":25,"column":2},"end":{"line":25,"column":null}},"5":{"start":{"line":33,"column":2},"end":{"line":33,"column":null}},"6":{"start":{"line":41,"column":2},"end":{"line":41,"column":null}},"7":{"start":{"line":49,"column":2},"end":{"line":49,"column":null}},"8":{"start":{"line":58,"column":2},"end":{"line":58,"column":null}},"9":{"start":{"line":51,"column":38},"end":{"line":51,"column":48}},"10":{"start":{"line":10,"column":21},"end":{"line":59,"column":null}},"11":{"start":{"line":10,"column":21},"end":{"line":10,"column":null}}},"fnMap":{"0":{"name":"(anonymous_2)","decl":{"start":{"line":51,"column":32},"end":{"line":51,"column":35}},"loc":{"start":{"line":51,"column":38},"end":{"line":51,"column":48}}}},"branchMap":{},"s":{"0":2,"1":2,"2":2,"3":2,"4":2,"5":2,"6":2,"7":2,"8":2,"9":15,"10":2,"11":2},"f":{"0":15},"b":{}}
,"/Users/daisuke/work/react/hondana-api/src/books/requestDto/createBook.dto.ts": {"path":"/Users/daisuke/work/react/hondana-api/src/books/requestDto/createBook.dto.ts","statementMap":{"0":{"start":{"line":1,"column":0},"end":{"line":1,"column":51}},"1":{"start":{"line":10,"column":2},"end":{"line":10,"column":null}},"2":{"start":{"line":3,"column":0},"end":{"line":3,"column":13}}},"fnMap":{},"branchMap":{},"s":{"0":1,"1":1,"2":1},"f":{},"b":{}}
,"/Users/daisuke/work/react/hondana-api/src/books/requestDto/getBooks.dto.ts": {"path":"/Users/daisuke/work/react/hondana-api/src/books/requestDto/getBooks.dto.ts","statementMap":{"0":{"start":{"line":1,"column":0},"end":{"line":1,"column":51}},"1":{"start":{"line":2,"column":0},"end":{"line":2,"column":73}},"2":{"start":{"line":3,"column":0},"end":{"line":3,"column":41}},"3":{"start":{"line":15,"column":2},"end":{"line":15,"column":null}},"4":{"start":{"line":32,"column":2},"end":{"line":32,"column":null}},"5":{"start":{"line":29,"column":14},"end":{"line":29,"column":20}},"6":{"start":{"line":5,"column":0},"end":{"line":5,"column":13}}},"fnMap":{"0":{"name":"(anonymous_2)","decl":{"start":{"line":29,"column":8},"end":{"line":29,"column":11}},"loc":{"start":{"line":29,"column":14},"end":{"line":29,"column":20}}}},"branchMap":{},"s":{"0":1,"1":1,"2":1,"3":1,"4":1,"5":0,"6":1},"f":{"0":0},"b":{}}
,"/Users/daisuke/work/react/hondana-api/src/books/responseDto/getBooksResponse.ts": {"path":"/Users/daisuke/work/react/hondana-api/src/books/responseDto/getBooksResponse.ts","statementMap":{"0":{"start":{"line":1,"column":0},"end":{"line":1,"column":51}},"1":{"start":{"line":2,"column":0},"end":{"line":2,"column":33}},"2":{"start":{"line":6,"column":2},"end":{"line":6,"column":null}},"3":{"start":{"line":9,"column":2},"end":{"line":9,"column":null}},"4":{"start":{"line":4,"column":0},"end":{"line":4,"column":13}}},"fnMap":{},"branchMap":{},"s":{"0":1,"1":1,"2":1,"3":1,"4":1},"f":{},"b":{}}
,"/Users/daisuke/work/react/hondana-api/src/response/errorResponse.ts": {"path":"/Users/daisuke/work/react/hondana-api/src/response/errorResponse.ts","statementMap":{"0":{"start":{"line":1,"column":0},"end":{"line":1,"column":51}},"1":{"start":{"line":9,"column":2},"end":{"line":9,"column":null}},"2":{"start":{"line":16,"column":2},"end":{"line":16,"column":null}},"3":{"start":{"line":34,"column":2},"end":{"line":34,"column":null}},"4":{"start":{"line":3,"column":0},"end":{"line":3,"column":13}}},"fnMap":{},"branchMap":{},"s":{"0":2,"1":2,"2":2,"3":2,"4":2},"f":{},"b":{}}
}
