TN:
SF:/Users/daisuke/work/react/hondana-api/src/app.controller.ts
FN:6,(anonymous_2)
FN:9,(anonymous_3)
FNF:2
FNH:2
FNDA:1,(anonymous_2)
FNDA:1,(anonymous_3)
DA:1,1
DA:2,1
DA:5,1
DA:6,1
DA:9,1
DA:10,1
LF:6
LH:6
BRF:0
BRH:0
end_of_record
TN:
SF:/Users/daisuke/work/react/hondana-api/src/app.service.ts
FN:5,(anonymous_1)
FNF:1
FNH:1
FNDA:1,(anonymous_1)
DA:1,1
DA:4,1
DA:6,1
LF:3
LH:3
BRF:0
BRH:0
end_of_record
TN:
SF:/Users/daisuke/work/react/hondana-api/src/mapper.ts
FN:4,createDynamoDBDataMapper
FNF:1
FNH:1
FNDA:3,createDynamoDBDataMapper
DA:1,2
DA:2,2
DA:4,2
DA:5,3
LF:4
LH:4
BRDA:6,0,0,3
BRDA:6,0,1,0
BRF:2
BRH:1
end_of_record
TN:
SF:/Users/daisuke/work/react/hondana-api/src/books/books.controller.ts
FN:23,(anonymous_4)
FN:28,(anonymous_5)
FN:37,(anonymous_6)
FN:47,(anonymous_7)
FNF:4
FNH:1
FNDA:1,(anonymous_4)
FNDA:0,(anonymous_5)
FNDA:0,(anonymous_6)
FNDA:0,(anonymous_7)
DA:1,1
DA:2,1
DA:3,1
DA:4,1
DA:11,1
DA:12,1
DA:13,1
DA:14,1
DA:22,1
DA:23,1
DA:28,1
DA:31,0
DA:37,1
DA:38,0
DA:47,1
DA:48,0
LF:16
LH:13
BRF:0
BRH:0
end_of_record
TN:
SF:/Users/daisuke/work/react/hondana-api/src/books/books.service.ts
FN:13,(anonymous_11)
FN:28,(anonymous_12)
FN:17,(anonymous_13)
FN:41,(anonymous_14)
FN:64,(anonymous_15)
FNF:5
FNH:3
FNDA:2,(anonymous_11)
FNDA:9,(anonymous_12)
FNDA:9,(anonymous_13)
FNDA:0,(anonymous_14)
FNDA:0,(anonymous_15)
DA:1,2
DA:2,2
DA:3,2
DA:4,2
DA:8,2
DA:11,2
DA:13,2
DA:14,2
DA:21,9
DA:22,9
DA:28,2
DA:29,9
DA:36,9
DA:37,9
DA:44,0
DA:45,0
DA:51,0
DA:52,0
DA:55,0
DA:65,0
DA:66,0
DA:67,0
LF:22
LH:14
BRDA:31,0,0,3
BRDA:31,0,1,6
BRDA:32,1,0,5
BRDA:32,1,1,4
BRDA:23,2,0,7
BRDA:23,2,1,2
BRDA:24,3,0,7
BRDA:24,3,1,2
BRDA:56,4,0,0
BRDA:56,4,1,0
BRF:10
BRH:8
end_of_record
TN:
SF:/Users/daisuke/work/react/hondana-api/src/books/model/book.ts
FN:51,(anonymous_2)
FNF:1
FNH:1
FNDA:15,(anonymous_2)
DA:1,2
DA:7,2
DA:10,2
DA:17,2
DA:25,2
DA:33,2
DA:41,2
DA:49,2
DA:51,15
DA:58,2
LF:10
LH:10
BRF:0
BRH:0
end_of_record
TN:
SF:/Users/daisuke/work/react/hondana-api/src/books/requestDto/createBook.dto.ts
FNF:0
FNH:0
DA:1,1
DA:3,1
DA:10,1
LF:3
LH:3
BRF:0
BRH:0
end_of_record
TN:
SF:/Users/daisuke/work/react/hondana-api/src/books/requestDto/getBooks.dto.ts
FN:29,(anonymous_2)
FNF:1
FNH:0
FNDA:0,(anonymous_2)
DA:1,1
DA:2,1
DA:3,1
DA:5,1
DA:15,1
DA:29,0
DA:32,1
LF:7
LH:6
BRF:0
BRH:0
end_of_record
TN:
SF:/Users/daisuke/work/react/hondana-api/src/books/responseDto/getBooksResponse.ts
FNF:0
FNH:0
DA:1,1
DA:2,1
DA:4,1
DA:6,1
DA:9,1
LF:5
LH:5
BRF:0
BRH:0
end_of_record
TN:
SF:/Users/daisuke/work/react/hondana-api/src/response/errorResponse.ts
FNF:0
FNH:0
DA:1,2
DA:3,2
DA:9,2
DA:16,2
DA:34,2
LF:5
LH:5
BRF:0
BRH:0
end_of_record
